0 info it worked if it ends with ok
1 verbose cli [ '/usr/local/bin/node', '/usr/local/bin/npm', 'start' ]
2 info using npm@3.8.9
3 info using node@v6.2.0
4 verbose run-script [ 'prestart', 'start', 'poststart' ]
5 info lifecycle ep-ui@1.0.0~prestart: ep-ui@1.0.0
6 silly lifecycle ep-ui@1.0.0~prestart: no script for prestart, continuing
7 info lifecycle ep-ui@1.0.0~start: ep-ui@1.0.0
8 verbose lifecycle ep-ui@1.0.0~start: unsafe-perm in lifecycle true
9 verbose lifecycle ep-ui@1.0.0~start: PATH: /usr/local/lib/node_modules/npm/bin/node-gyp-bin:/Users/lokeshsardana/myprojects/social-feed/node_modules/.bin:/usr/local/bin:/Library/Java/JavaVirtualMachines/jdk1.8.0_91.jdk/Contents/Home/bin:/Users/lokeshsardana/cloudera/cdh5.4.4/hadoop/bin:/Users/lokeshsardana/cloudera/cdh5.4.4/hadoop/sbin:/bin:/Users/lokeshsardana/cloudera/cdh5.4.4/hbase/bin:/Users/lokeshsardana/cloudera/cdh5.4.4/hive/bin:/Users/lokeshsardana/cloudera/cdh5.4.4/hive/hcatalog/bin:/bin:/bin:/usr/local/bin:/usr/bin:/bin:/usr/sbin:/sbin:/usr/local/mysql/bin:/usr/local/Cellar/maven/3.3.9/bin/bin
10 verbose lifecycle ep-ui@1.0.0~start: CWD: /Users/lokeshsardana/myprojects/social-feed
11 silly lifecycle ep-ui@1.0.0~start: Args: [ '-c', 'node server.js' ]
12 silly lifecycle ep-ui@1.0.0~start: Returned: code: 1  signal: null
13 info lifecycle ep-ui@1.0.0~start: Failed to exec start script
14 verbose stack Error: ep-ui@1.0.0 start: `node server.js`
14 verbose stack Exit status 1
14 verbose stack     at EventEmitter.<anonymous> (/usr/local/lib/node_modules/npm/lib/utils/lifecycle.js:245:16)
14 verbose stack     at emitTwo (events.js:106:13)
14 verbose stack     at EventEmitter.emit (events.js:191:7)
14 verbose stack     at ChildProcess.<anonymous> (/usr/local/lib/node_modules/npm/lib/utils/spawn.js:24:14)
14 verbose stack     at emitTwo (events.js:106:13)
14 verbose stack     at ChildProcess.emit (events.js:191:7)
14 verbose stack     at maybeClose (internal/child_process.js:850:16)
14 verbose stack     at Process.ChildProcess._handle.onexit (internal/child_process.js:215:5)
15 verbose pkgid ep-ui@1.0.0
16 verbose cwd /Users/lokeshsardana/myprojects/social-feed
17 error Darwin 15.4.0
18 error argv "/usr/local/bin/node" "/usr/local/bin/npm" "start"
19 error node v6.2.0
20 error npm  v3.8.9
21 error code ELIFECYCLE
22 error ep-ui@1.0.0 start: `node server.js`
22 error Exit status 1
23 error Failed at the ep-ui@1.0.0 start script 'node server.js'.
23 error Make sure you have the latest version of node.js and npm installed.
23 error If you do, this is most likely a problem with the ep-ui package,
23 error not with npm itself.
23 error Tell the author that this fails on your system:
23 error     node server.js
23 error You can get information on how to open an issue for this project with:
23 error     npm bugs ep-ui
23 error Or if that isn't available, you can get their info via:
23 error     npm owner ls ep-ui
23 error There is likely additional logging output above.
24 verbose exit [ 1, true ]
